<?xml version="1.0" encoding="UTF-8"?>
<!-- Generated by org.testng.reporters.JUnitXMLReporter -->
<testsuite hostname="samuel-andoh" name="Command line test" tests="1" failures="1" timestamp="3 Jul 2016 20:07:03 GMT" time="15.301" errors="0">
  <testcase name="DbEmail" time="15.266" classname="example.NewTest">
    <failure type="com.microsoft.sqlserver.jdbc.SQLServerException" message="The TCP/IP connection to the host 104.37.189.218, port 1433 has failed. Error: &amp;quot;connect timed out. Verify the connection properties. Make sure that an instance of SQL Server is running on the host and accepting TCP/IP connections at the port. Make sure that TCP connections to the port are not blocked by a firewall.&amp;quot;.">
      <![CDATA[com.microsoft.sqlserver.jdbc.SQLServerException: The TCP/IP connection to the host 104.37.189.218, port 1433 has failed. Error: "connect timed out. Verify the connection properties. Make sure that an instance of SQL Server is running on the host and accepting TCP/IP connections at the port. Make sure that TCP connections to the port are not blocked by a firewall.".
	at com.microsoft.sqlserver.jdbc.SQLServerException.makeFromDriverError(SQLServerException.java:190)
	at com.microsoft.sqlserver.jdbc.SQLServerException.ConvertConnectExceptionToSQLServerException(SQLServerException.java:241)
	at com.microsoft.sqlserver.jdbc.SocketFinder.findSocket(IOBuffer.java:2243)
	at com.microsoft.sqlserver.jdbc.TDSChannel.open(IOBuffer.java:491)
	at com.microsoft.sqlserver.jdbc.SQLServerConnection.connectHelper(SQLServerConnection.java:1309)
	at com.microsoft.sqlserver.jdbc.SQLServerConnection.login(SQLServerConnection.java:991)
	at com.microsoft.sqlserver.jdbc.SQLServerConnection.connect(SQLServerConnection.java:827)
	at com.microsoft.sqlserver.jdbc.SQLServerDriver.connect(SQLServerDriver.java:1012)
	at java.sql.DriverManager.getConnection(DriverManager.java:571)
	at java.sql.DriverManager.getConnection(DriverManager.java:215)
	at example.NewTest.DbEmail(NewTest.java:84)
... Removed 33 stack frames]]>
    </failure>
  </testcase> <!-- DbEmail -->
</testsuite> <!-- Command line test -->
